2026-02-24 15:31:44: ▲ Next.js 16.1.6
2026-02-24 15:31:44: - Local:         http://localhost:3000
2026-02-24 15:31:44: - Network:       http://192.168.3.16:3000
2026-02-24 15:31:44: 
2026-02-24 15:31:44: ✓ Starting...
2026-02-24 15:31:44: ✓ Ready in 344ms
2026-02-24 15:34:46: ▲ Next.js 16.1.6
2026-02-24 15:34:46: - Local:         http://localhost:3000
2026-02-24 15:34:46: - Network:       http://192.168.3.16:3000
2026-02-24 15:34:46: 
2026-02-24 15:34:46: ✓ Starting...
2026-02-24 15:34:46: ▲ Next.js 16.1.6
2026-02-24 15:34:46: - Local:         http://localhost:3000
2026-02-24 15:34:46: - Network:       http://192.168.3.16:3000
2026-02-24 15:34:46: 
2026-02-24 15:34:46: ✓ Starting...
2026-02-24 15:34:46: ▲ Next.js 16.1.6
2026-02-24 15:34:46: - Local:         http://localhost:3000
2026-02-24 15:34:46: - Network:       http://192.168.3.16:3000
2026-02-24 15:34:46: 
2026-02-24 15:34:46: ✓ Starting...
2026-02-24 15:34:47: ▲ Next.js 16.1.6
2026-02-24 15:34:47: - Local:         http://localhost:3000
2026-02-24 15:34:47: - Network:       http://192.168.3.16:3000
2026-02-24 15:34:47: 
2026-02-24 15:34:47: ✓ Starting...
2026-02-24 15:34:47: ▲ Next.js 16.1.6
2026-02-24 15:34:47: - Local:         http://localhost:3000
2026-02-24 15:34:47: - Network:       http://192.168.3.16:3000
2026-02-24 15:34:47: 
2026-02-24 15:34:47: ✓ Starting...
2026-02-24 15:34:48: ▲ Next.js 16.1.6
2026-02-24 15:34:48: - Local:         http://localhost:3000
2026-02-24 15:34:48: - Network:       http://192.168.3.16:3000
2026-02-24 15:34:48: 
2026-02-24 15:34:48: ✓ Starting...
2026-02-24 15:34:48: ▲ Next.js 16.1.6
2026-02-24 15:34:48: - Local:         http://localhost:3000
2026-02-24 15:34:48: - Network:       http://192.168.3.16:3000
2026-02-24 15:34:48: 
2026-02-24 15:34:48: ✓ Starting...
2026-02-24 15:34:49: ▲ Next.js 16.1.6
2026-02-24 15:34:49: - Local:         http://localhost:3000
2026-02-24 15:34:49: - Network:       http://192.168.3.16:3000
2026-02-24 15:34:49: 
2026-02-24 15:34:49: ✓ Starting...
2026-02-24 15:34:49: ▲ Next.js 16.1.6
2026-02-24 15:34:49: - Local:         http://localhost:3000
2026-02-24 15:34:49: - Network:       http://192.168.3.16:3000
2026-02-24 15:34:49: 
2026-02-24 15:34:49: ✓ Starting...
2026-02-24 15:34:49: ▲ Next.js 16.1.6
2026-02-24 15:34:49: - Local:         http://localhost:3000
2026-02-24 15:34:49: - Network:       http://192.168.3.16:3000
2026-02-24 15:34:49: 
2026-02-24 15:34:49: ✓ Starting...
2026-02-24 15:34:50: ▲ Next.js 16.1.6
2026-02-24 15:34:50: - Local:         http://localhost:3000
2026-02-24 15:34:50: - Network:       http://192.168.3.16:3000
2026-02-24 15:34:50: 
2026-02-24 15:34:50: ✓ Starting...
2026-02-24 15:34:50: ▲ Next.js 16.1.6
2026-02-24 15:34:50: - Local:         http://localhost:3000
2026-02-24 15:34:50: - Network:       http://192.168.3.16:3000
2026-02-24 15:34:50: 
2026-02-24 15:34:50: ✓ Starting...
2026-02-24 15:34:51: ▲ Next.js 16.1.6
2026-02-24 15:34:51: - Local:         http://localhost:3000
2026-02-24 15:34:51: - Network:       http://192.168.3.16:3000
2026-02-24 15:34:51: 
2026-02-24 15:34:51: ✓ Starting...
2026-02-24 15:34:51: ▲ Next.js 16.1.6
2026-02-24 15:34:51: - Local:         http://localhost:3000
2026-02-24 15:34:51: - Network:       http://192.168.3.16:3000
2026-02-24 15:34:51: 
2026-02-24 15:34:51: ✓ Starting...
2026-02-24 15:34:52: ▲ Next.js 16.1.6
2026-02-24 15:34:52: - Local:         http://localhost:3000
2026-02-24 15:34:52: - Network:       http://192.168.3.16:3000
2026-02-24 15:34:52: 
2026-02-24 15:34:52: ✓ Starting...
2026-02-24 15:34:52: ▲ Next.js 16.1.6
2026-02-24 15:34:52: - Local:         http://localhost:3000
2026-02-24 15:34:52: - Network:       http://192.168.3.16:3000
2026-02-24 15:34:52: 
2026-02-24 15:34:52: ✓ Starting...
